Using pre-set license
Built from '2020.3/release' branch; Version is '2020.3.12f1 (b3b2c6512326) revision 11776710'; Using compiler version '192528614'; Build Type 'Release'
OS: 'Windows 10 Pro; OS build 19043.1110; Version 2009; 64bit' Language: 'en' Physical Memory: 16333 MB
BatchMode: 1, IsHumanControllingUs: 0, StartBugReporterOnCrash: 0, Is64bit: 1, IsPro: 0

 COMMAND LINE ARGUMENTS:
C:\Program Files\Unity\Hub\Editor\2020.3.12f1\Editor\Unity.exe
-adb2
-batchMode
-noUpm
-name
AssetImportWorker0
-projectPath
C:/Projects/Unity/Mushfiq's Level Design Tools
-logFile
Logs/AssetImportWorker0.log
-srvPort
7983
Successfully changed project path to: C:/Projects/Unity/Mushfiq's Level Design Tools
C:/Projects/Unity/Mushfiq's Level Design Tools
Using Asset Import Pipeline V2.
Refreshing native plugins compatible for Editor in 34.10 ms, found 2 plugins.
Preloading 0 native plugins for Editor in 0.00 ms.
Initialize engine version: 2020.3.12f1 (b3b2c6512326)
[Subsystems] Discovering subsystems at path C:/Program Files/Unity/Hub/Editor/2020.3.12f1/Editor/Data/Resources/UnitySubsystems
[Subsystems] Discovering subsystems at path C:/Projects/Unity/Mushfiq's Level Design Tools/Assets
GfxDevice: creating device client; threaded=0
Direct3D:
    Version:  Direct3D 11.0 [level 11.1]
    Renderer: NVIDIA GeForce GTX 1650 SUPER (ID=0x2187)
    Vendor:   
    VRAM:     3955 MB
    Driver:   30.0.14.7111
Initialize mono
Mono path[0] = 'C:/Program Files/Unity/Hub/Editor/2020.3.12f1/Editor/Data/Managed'
Mono path[1] = 'C:/Program Files/Unity/Hub/Editor/2020.3.12f1/Editor/Data/MonoBleedingEdge/lib/mono/unityjit'
Mono config path = 'C:/Program Files/Unity/Hub/Editor/2020.3.12f1/Editor/Data/MonoBleedingEdge/etc'
Using monoOptions --debugger-agent=transport=dt_socket,embedding=1,server=y,suspend=n,address=127.0.0.1:56876
Begin MonoManager ReloadAssembly
Registering precompiled unity dll's ...
Register platform support module: C:/Program Files/Unity/Hub/Editor/2020.3.12f1/Editor/Data/PlaybackEngines/WebGLSupport/UnityEditor.WebGL.Extensions.dll
Register platform support module: C:/Program Files/Unity/Hub/Editor/2020.3.12f1/Editor/Data/PlaybackEngines/WindowsStandaloneSupport/UnityEditor.WindowsStandalone.Extensions.dll
Registered in 0.003413 seconds.
Native extension for WindowsStandalone target not found
Native extension for WebGL target not found
Refreshing native plugins compatible for Editor in 32.95 ms, found 2 plugins.
Preloading 0 native plugins for Editor in 0.00 ms.
Mono: successfully reloaded assembly
- Completed reload, in  1.467 seconds
Platform modules already initialized, skipping
Registering precompiled user dll's ...
Registered in 0.005293 seconds.
Begin MonoManager ReloadAssembly
Native extension for WindowsStandalone target not found
Native extension for WebGL target not found
Refreshing native plugins compatible for Editor in 0.34 ms, found 2 plugins.
Preloading 0 native plugins for Editor in 0.00 ms.
Mono: successfully reloaded assembly
- Completed reload, in  1.194 seconds
Platform modules already initialized, skipping
========================================================================
Worker process is ready to serve import requests
Launched and connected shader compiler UnityShaderCompiler.exe after 0.04 seconds
Refreshing native plugins compatible for Editor in 0.32 ms, found 2 plugins.
Preloading 0 native plugins for Editor in 0.00 ms.
Unloading 1386 Unused Serialized files (Serialized files now loaded: 0)
System memory in use before: 64.7 MB.
System memory in use after: 64.7 MB.

Unloading 19 unused Assets to reduce memory usage. Loaded Objects now: 1819.
Total: 2.020900 ms (FindLiveObjects: 0.157500 ms CreateObjectMapping: 0.035200 ms MarkObjects: 1.748600 ms  DeleteObjects: 0.078600 ms)

AssetImportParameters requested are different than current active one (requested -> active):
  custom:framework-win-MediaFoundation: 216162199b28c13a410421893ffa2e32 -> 
  custom:video-decoder-ogg-theora: a1e56fd34408186e4bbccfd4996cb3dc -> 
  custom:container-muxer-webm: aa71ff27fc2769a1b78a27578f13a17b -> 
  custom:container-demuxer-webm: 4f35f7cbe854078d1ac9338744f61a02 -> 
  custom:container-demuxer-ogg: 62fdf1f143b41e24485cea50d1cbac27 -> 
  custom:video-encoder-webm-vp8: eb34c28f22e8b96e1ab97ce403110664 -> 
  custom:video-decoder-webm-vp8: 9c59270c3fd7afecdb556c50c9e8de78 -> 
  custom:audio-decoder-ogg-vorbis: bf7c407c2cedff20999df2af8eb42d56 -> 
  custom:audio-encoder-webm-vorbis: bf7c407c2cedff20999df2af8eb42d56 -> 
========================================================================
Received Import Request.
  path: Assets/Scenes
  artifactKey: Guid(23e8943f452e79c44b3cbf6fc2420360) Importer(815301076,1909f56bfc062723c751e8b465ee728b)
Start importing Assets/Scenes using Guid(23e8943f452e79c44b3cbf6fc2420360) Importer(815301076,1909f56bfc062723c751e8b465ee728b)  -> (artifact id: '29edd53d170b4508f3c7857163cf0878') in 0.011711 seconds 
  Import took 0.014008 seconds .

========================================================================
Received Import Request.
  Time since last request: 3.882649 seconds.
  path: Assets
  artifactKey: Guid(00000000000000001000000000000000) Importer(815301076,1909f56bfc062723c751e8b465ee728b)
Start importing Assets using Guid(00000000000000001000000000000000) Importer(815301076,1909f56bfc062723c751e8b465ee728b)  -> (artifact id: '42d402b061de3733987d63b9cc3b64de') in 0.009962 seconds 
  Import took 0.012435 seconds .

========================================================================
Received Import Request.
  Time since last request: 17.897853 seconds.
  path: Assets/Mushfiq's Assets
  artifactKey: Guid(c54255f648793cb4c86278adec08a486) Importer(815301076,1909f56bfc062723c751e8b465ee728b)
Start importing Assets/Mushfiq's Assets using Guid(c54255f648793cb4c86278adec08a486) Importer(815301076,1909f56bfc062723c751e8b465ee728b)  -> (artifact id: '43cd1fbd3d27411896e0fe13f52bfa0c') in 0.010276 seconds 
  Import took 0.013150 seconds .

========================================================================
Received Import Request.
  Time since last request: 4.143221 seconds.
  path: Assets/_Mushfiq's Assets
  artifactKey: Guid(c54255f648793cb4c86278adec08a486) Importer(815301076,1909f56bfc062723c751e8b465ee728b)
Start importing Assets/_Mushfiq's Assets using Guid(c54255f648793cb4c86278adec08a486) Importer(815301076,1909f56bfc062723c751e8b465ee728b)  -> (artifact id: '94072845a90ed3f7ac5adfd3c3008055') in 0.010306 seconds 
  Import took 0.012857 seconds .

========================================================================
Received Import Request.
  Time since last request: 5.268993 seconds.
  path: Assets/_Mushfiq's Assets/Scenes
  artifactKey: Guid(b698523ef87ec484d9a9ca40172d2085) Importer(815301076,1909f56bfc062723c751e8b465ee728b)
Start importing Assets/_Mushfiq's Assets/Scenes using Guid(b698523ef87ec484d9a9ca40172d2085) Importer(815301076,1909f56bfc062723c751e8b465ee728b)  -> (artifact id: '62f573779d5c2b5b8bcc4ca54391daff') in 0.009538 seconds 
  Import took 0.012052 seconds .

========================================================================
Received Import Request.
  Time since last request: 0.000848 seconds.
  path: Assets/_Mushfiq's Assets/Scenes
  artifactKey: Guid(b698523ef87ec484d9a9ca40172d2085) Importer(815301076,1909f56bfc062723c751e8b465ee728b)
Start importing Assets/_Mushfiq's Assets/Scenes using Guid(b698523ef87ec484d9a9ca40172d2085) Importer(815301076,1909f56bfc062723c751e8b465ee728b)  -> (artifact id: '62f573779d5c2b5b8bcc4ca54391daff') in 0.002772 seconds 
  Import took 0.005194 seconds .

========================================================================
Received Import Request.
  Time since last request: 5.652224 seconds.
  path: Assets/_Mushfiq's Assets/Materials
  artifactKey: Guid(acb1c9e3a7704b2488a8284ce602a52f) Importer(815301076,1909f56bfc062723c751e8b465ee728b)
Start importing Assets/_Mushfiq's Assets/Materials using Guid(acb1c9e3a7704b2488a8284ce602a52f) Importer(815301076,1909f56bfc062723c751e8b465ee728b)  -> (artifact id: 'e7b6f596bc85910a20e2c14420c4e4da') in 0.010410 seconds 
  Import took 0.013047 seconds .

========================================================================
Received Import Request.
  Time since last request: 0.000330 seconds.
  path: Assets/_Mushfiq's Assets/Materials
  artifactKey: Guid(acb1c9e3a7704b2488a8284ce602a52f) Importer(815301076,1909f56bfc062723c751e8b465ee728b)
Start importing Assets/_Mushfiq's Assets/Materials using Guid(acb1c9e3a7704b2488a8284ce602a52f) Importer(815301076,1909f56bfc062723c751e8b465ee728b)  -> (artifact id: 'e7b6f596bc85910a20e2c14420c4e4da') in 0.002779 seconds 
  Import took 0.005199 seconds .

========================================================================
Received Import Request.
  Time since last request: 4.641246 seconds.
  path: Assets/_Mushfiq's Assets/Scripts
  artifactKey: Guid(1f5afcc6d82383544935cbf47edbbdef) Importer(815301076,1909f56bfc062723c751e8b465ee728b)
Start importing Assets/_Mushfiq's Assets/Scripts using Guid(1f5afcc6d82383544935cbf47edbbdef) Importer(815301076,1909f56bfc062723c751e8b465ee728b)  -> (artifact id: '42cfedd23e21bbbc2a9fa9e8557f8315') in 0.010618 seconds 
  Import took 0.013078 seconds .

========================================================================
Received Import Request.
  Time since last request: 5.753392 seconds.
  path: Assets/_Mushfiq's Assets/Textures
  artifactKey: Guid(4d23d26049bd817489b7f993a2de6004) Importer(815301076,1909f56bfc062723c751e8b465ee728b)
Start importing Assets/_Mushfiq's Assets/Textures using Guid(4d23d26049bd817489b7f993a2de6004) Importer(815301076,1909f56bfc062723c751e8b465ee728b)  -> (artifact id: '0faeac9a29e7eff31584d622c61c0bd1') in 0.010807 seconds 
  Import took 0.013275 seconds .

========================================================================
Received Import Request.
  Time since last request: 8.207973 seconds.
  path: Assets/_Mushfiq's Assets/Models
  artifactKey: Guid(33a8b8bf9ff731542bb4c6f23811b4cf) Importer(815301076,1909f56bfc062723c751e8b465ee728b)
Start importing Assets/_Mushfiq's Assets/Models using Guid(33a8b8bf9ff731542bb4c6f23811b4cf) Importer(815301076,1909f56bfc062723c751e8b465ee728b)  -> (artifact id: 'b4529c0b8f467c7c2fa4dd5c5bf8f1d2') in 0.010254 seconds 
  Import took 0.012726 seconds .

========================================================================
Received Import Request.
  Time since last request: 0.001037 seconds.
  path: Assets/_Mushfiq's Assets/Models
  artifactKey: Guid(33a8b8bf9ff731542bb4c6f23811b4cf) Importer(815301076,1909f56bfc062723c751e8b465ee728b)
Start importing Assets/_Mushfiq's Assets/Models using Guid(33a8b8bf9ff731542bb4c6f23811b4cf) Importer(815301076,1909f56bfc062723c751e8b465ee728b)  -> (artifact id: 'b4529c0b8f467c7c2fa4dd5c5bf8f1d2') in 0.002888 seconds 
  Import took 0.005349 seconds .

========================================================================
Received Import Request.
  Time since last request: 5.231335 seconds.
  path: Assets/_Mushfiq's Assets/Prefabs
  artifactKey: Guid(9f857fc78808b6a4da8df7f230ca6348) Importer(815301076,1909f56bfc062723c751e8b465ee728b)
Start importing Assets/_Mushfiq's Assets/Prefabs using Guid(9f857fc78808b6a4da8df7f230ca6348) Importer(815301076,1909f56bfc062723c751e8b465ee728b)  -> (artifact id: 'd8196dd472c267af578af1c04676ef85') in 0.010208 seconds 
  Import took 0.012698 seconds .

========================================================================
Received Import Request.
  Time since last request: 0.000949 seconds.
  path: Assets/_Mushfiq's Assets/Prefabs
  artifactKey: Guid(9f857fc78808b6a4da8df7f230ca6348) Importer(815301076,1909f56bfc062723c751e8b465ee728b)
Start importing Assets/_Mushfiq's Assets/Prefabs using Guid(9f857fc78808b6a4da8df7f230ca6348) Importer(815301076,1909f56bfc062723c751e8b465ee728b)  -> (artifact id: 'd8196dd472c267af578af1c04676ef85') in 0.002901 seconds 
  Import took 0.005303 seconds .

========================================================================
Received Import Request.
  Time since last request: 21.400851 seconds.
  path: Assets/_Mushfiq's Assets/Scenes/New SceneTemplate.scenetemplate
  artifactKey: Guid(525e30d90d6abb646b66281daffecc28) Importer(815301076,1909f56bfc062723c751e8b465ee728b)
Start importing Assets/_Mushfiq's Assets/Scenes/New SceneTemplate.scenetemplate using Guid(525e30d90d6abb646b66281daffecc28) Importer(815301076,1909f56bfc062723c751e8b465ee728b)  -> (artifact id: 'f076ad00207ed6480375347d41826586') in 0.045708 seconds 
  Import took 0.048242 seconds .

========================================================================
Received Import Request.
  Time since last request: 18.287180 seconds.
  path: Assets/_Mushfiq's Assets/Scenes/TestGround.unity
  artifactKey: Guid(e9c4f2731f0b6b24d919d6f0c1db0b8f) Importer(815301076,1909f56bfc062723c751e8b465ee728b)
Start importing Assets/_Mushfiq's Assets/Scenes/TestGround.unity using Guid(e9c4f2731f0b6b24d919d6f0c1db0b8f) Importer(815301076,1909f56bfc062723c751e8b465ee728b)  -> (artifact id: 'a4c23b96fa8e5676ff61c2af6a9f30cf') in 0.010559 seconds 
  Import took 0.013227 seconds .

